CRITICAL - 2022-07-03 00:20:20 --> Undefined variable: 202207030020202
in APPPATH\Views\wisatawan\transaksi\konfirmasi.php on line 28.
 1 APPPATH\Views\wisatawan\transaksi\konfirmasi.php(28): CodeIgniter\Debug\Exceptions->errorHandler(8, 'Undefined variable: 202207030020202', 'APPPATH\\Views\\wisatawan\\transaksi\\konfirmasi.php', 28, [...])
 2 SYSTEMPATH\View\View.php(213): include('APPPATH\\Views\\wisatawan\\transaksi\\konfirmasi.php')
 3 SYSTEMPATH\View\View.php(216): CodeIgniter\View\View->CodeIgniter\View\{closure}()
 4 SYSTEMPATH\Common.php(1135): CodeIgniter\View\View->render('wisatawan/transaksi/konfirmasi', [], true)
 5 APPPATH\Controllers\Wisatawan.php(259): view('wisatawan/transaksi/konfirmasi', [...])
 6 SYSTEMPATH\CodeIgniter.php(896): App\Controllers\Wisatawan->konfirmasiPesanan()
 7 SYSTEMPATH\CodeIgniter.php(466): CodeIgniter\CodeIgniter->runController(Object(App\Controllers\Wisatawan))
 8 SYSTEMPATH\CodeIgniter.php(349): CodeIgniter\CodeIgniter->handleRequest(null, Object(Config\Cache), false)
 9 FCPATH\index.php(55): CodeIgniter\CodeIgniter->run()
10 SYSTEMPATH\Commands\Server\rewrite.php(43): require_once('FCPATH\\index.php')
ERROR - 2022-07-03 02:54:43 --> Cannot add or update a child row: a foreign key constraint fails (`pramunesia-app`.`kegiatan`, CONSTRAINT `fk_kegiatan_pemandu1` FOREIGN KEY (`pemandu_id`) REFERENCES `pemandu` (`id`) ON DELETE CASCADE ON UPDATE CASCADE)
CRITICAL - 2022-07-03 02:54:43 --> Cannot add or update a child row: a foreign key constraint fails (`pramunesia-app`.`kegiatan`, CONSTRAINT `fk_kegiatan_pemandu1` FOREIGN KEY (`pemandu_id`) REFERENCES `pemandu` (`id`) ON DELETE CASCADE ON UPDATE CASCADE)
in SYSTEMPATH\Database\MySQLi\Connection.php on line 292.
 1 SYSTEMPATH\Database\MySQLi\Connection.php(292): mysqli->query('INSERT INTO `kegiatan` (`deskripsi`, `image`) VALUES (\'Memandu Pak Jokowi keliling kota cirebon\', \'dsc-0264_2022-07-03_02-54-43.jpg\')', 0)
 2 SYSTEMPATH\Database\BaseConnection.php(695): CodeIgniter\Database\MySQLi\Connection->execute('INSERT INTO `kegiatan` (`deskripsi`, `image`) VALUES (\'Memandu Pak Jokowi keliling kota cirebon\', \'dsc-0264_2022-07-03_02-54-43.jpg\')')
 3 SYSTEMPATH\Database\BaseConnection.php(609): CodeIgniter\Database\BaseConnection->simpleQuery('INSERT INTO `kegiatan` (`deskripsi`, `image`) VALUES (\'Memandu Pak Jokowi keliling kota cirebon\', \'dsc-0264_2022-07-03_02-54-43.jpg\')')
 4 SYSTEMPATH\Database\BaseBuilder.php(1904): CodeIgniter\Database\BaseConnection->query('INSERT INTO `kegiatan` (`deskripsi`, `image`) VALUES (:deskripsi:, :image:)', [...], false)
 5 SYSTEMPATH\Model.php(278): CodeIgniter\Database\BaseBuilder->insert()
 6 SYSTEMPATH\BaseModel.php(738): CodeIgniter\Model->doInsert([...])
 7 SYSTEMPATH\Model.php(666): CodeIgniter\BaseModel->insert([...], true)
 8 APPPATH\Controllers\Pemandu.php(270): CodeIgniter\Model->insert([...])
 9 SYSTEMPATH\CodeIgniter.php(896): App\Controllers\Pemandu->prosesTambahKegiatan()
10 SYSTEMPATH\CodeIgniter.php(466): CodeIgniter\CodeIgniter->runController(Object(App\Controllers\Pemandu))
11 SYSTEMPATH\CodeIgniter.php(349): CodeIgniter\CodeIgniter->handleRequest(null, Object(Config\Cache), false)
12 FCPATH\index.php(55): CodeIgniter\CodeIgniter->run()
13 SYSTEMPATH\Commands\Server\rewrite.php(43): require_once('FCPATH\\index.php')
ERROR - 2022-07-03 02:55:32 --> Cannot add or update a child row: a foreign key constraint fails (`pramunesia-app`.`kegiatan`, CONSTRAINT `fk_kegiatan_pemandu1` FOREIGN KEY (`pemandu_id`) REFERENCES `pemandu` (`id`) ON DELETE CASCADE ON UPDATE CASCADE)
CRITICAL - 2022-07-03 02:55:32 --> Cannot add or update a child row: a foreign key constraint fails (`pramunesia-app`.`kegiatan`, CONSTRAINT `fk_kegiatan_pemandu1` FOREIGN KEY (`pemandu_id`) REFERENCES `pemandu` (`id`) ON DELETE CASCADE ON UPDATE CASCADE)
in SYSTEMPATH\Database\MySQLi\Connection.php on line 292.
 1 SYSTEMPATH\Database\MySQLi\Connection.php(292): mysqli->query('INSERT INTO `kegiatan` (`deskripsi`, `image`) VALUES (\'Memandu Pak Jokowi keliling kota cirebon\', \'dsc-0264_2022-07-03_02-55-32.jpg\')', 0)
 2 SYSTEMPATH\Database\BaseConnection.php(695): CodeIgniter\Database\MySQLi\Connection->execute('INSERT INTO `kegiatan` (`deskripsi`, `image`) VALUES (\'Memandu Pak Jokowi keliling kota cirebon\', \'dsc-0264_2022-07-03_02-55-32.jpg\')')
 3 SYSTEMPATH\Database\BaseConnection.php(609): CodeIgniter\Database\BaseConnection->simpleQuery('INSERT INTO `kegiatan` (`deskripsi`, `image`) VALUES (\'Memandu Pak Jokowi keliling kota cirebon\', \'dsc-0264_2022-07-03_02-55-32.jpg\')')
 4 SYSTEMPATH\Database\BaseBuilder.php(1904): CodeIgniter\Database\BaseConnection->query('INSERT INTO `kegiatan` (`deskripsi`, `image`) VALUES (:deskripsi:, :image:)', [...], false)
 5 SYSTEMPATH\Model.php(278): CodeIgniter\Database\BaseBuilder->insert()
 6 SYSTEMPATH\BaseModel.php(738): CodeIgniter\Model->doInsert([...])
 7 SYSTEMPATH\Model.php(666): CodeIgniter\BaseModel->insert([...], true)
 8 APPPATH\Controllers\Pemandu.php(271): CodeIgniter\Model->insert([...])
 9 SYSTEMPATH\CodeIgniter.php(896): App\Controllers\Pemandu->prosesTambahKegiatan()
10 SYSTEMPATH\CodeIgniter.php(466): CodeIgniter\CodeIgniter->runController(Object(App\Controllers\Pemandu))
11 SYSTEMPATH\CodeIgniter.php(349): CodeIgniter\CodeIgniter->handleRequest(null, Object(Config\Cache), false)
12 FCPATH\index.php(55): CodeIgniter\CodeIgniter->run()
13 SYSTEMPATH\Commands\Server\rewrite.php(43): require_once('FCPATH\\index.php')
ERROR - 2022-07-03 02:56:03 --> Cannot add or update a child row: a foreign key constraint fails (`pramunesia-app`.`kegiatan`, CONSTRAINT `fk_kegiatan_pemandu1` FOREIGN KEY (`pemandu_id`) REFERENCES `pemandu` (`id`) ON DELETE CASCADE ON UPDATE CASCADE)
CRITICAL - 2022-07-03 02:56:03 --> Cannot add or update a child row: a foreign key constraint fails (`pramunesia-app`.`kegiatan`, CONSTRAINT `fk_kegiatan_pemandu1` FOREIGN KEY (`pemandu_id`) REFERENCES `pemandu` (`id`) ON DELETE CASCADE ON UPDATE CASCADE)
in SYSTEMPATH\Database\MySQLi\Connection.php on line 292.
 1 SYSTEMPATH\Database\MySQLi\Connection.php(292): mysqli->query('INSERT INTO `kegiatan` (`deskripsi`, `image`) VALUES (\'Memandu Pak Jokowi keliling kota cirebon\', \'dsc-0264_2022-07-03_02-56-03.jpg\')', 0)
 2 SYSTEMPATH\Database\BaseConnection.php(695): CodeIgniter\Database\MySQLi\Connection->execute('INSERT INTO `kegiatan` (`deskripsi`, `image`) VALUES (\'Memandu Pak Jokowi keliling kota cirebon\', \'dsc-0264_2022-07-03_02-56-03.jpg\')')
 3 SYSTEMPATH\Database\BaseConnection.php(609): CodeIgniter\Database\BaseConnection->simpleQuery('INSERT INTO `kegiatan` (`deskripsi`, `image`) VALUES (\'Memandu Pak Jokowi keliling kota cirebon\', \'dsc-0264_2022-07-03_02-56-03.jpg\')')
 4 SYSTEMPATH\Database\BaseBuilder.php(1904): CodeIgniter\Database\BaseConnection->query('INSERT INTO `kegiatan` (`deskripsi`, `image`) VALUES (:deskripsi:, :image:)', [...], false)
 5 SYSTEMPATH\Model.php(278): CodeIgniter\Database\BaseBuilder->insert()
 6 SYSTEMPATH\BaseModel.php(738): CodeIgniter\Model->doInsert([...])
 7 SYSTEMPATH\Model.php(666): CodeIgniter\BaseModel->insert([...], true)
 8 APPPATH\Controllers\Pemandu.php(271): CodeIgniter\Model->insert([...])
 9 SYSTEMPATH\CodeIgniter.php(896): App\Controllers\Pemandu->prosesTambahKegiatan()
10 SYSTEMPATH\CodeIgniter.php(466): CodeIgniter\CodeIgniter->runController(Object(App\Controllers\Pemandu))
11 SYSTEMPATH\CodeIgniter.php(349): CodeIgniter\CodeIgniter->handleRequest(null, Object(Config\Cache), false)
12 FCPATH\index.php(55): CodeIgniter\CodeIgniter->run()
13 SYSTEMPATH\Commands\Server\rewrite.php(43): require_once('FCPATH\\index.php')
ERROR - 2022-07-03 02:58:08 --> Cannot add or update a child row: a foreign key constraint fails (`pramunesia-app`.`kegiatan`, CONSTRAINT `fk_kegiatan_pemandu1` FOREIGN KEY (`pemandu_id`) REFERENCES `pemandu` (`id`) ON DELETE CASCADE ON UPDATE CASCADE)
CRITICAL - 2022-07-03 02:58:08 --> Cannot add or update a child row: a foreign key constraint fails (`pramunesia-app`.`kegiatan`, CONSTRAINT `fk_kegiatan_pemandu1` FOREIGN KEY (`pemandu_id`) REFERENCES `pemandu` (`id`) ON DELETE CASCADE ON UPDATE CASCADE)
in SYSTEMPATH\Database\MySQLi\Connection.php on line 292.
 1 SYSTEMPATH\Database\MySQLi\Connection.php(292): mysqli->query('INSERT INTO `kegiatan` (`deskripsi`, `image`) VALUES (\'Memandu Pak Jokowi keliling kota cirebon\', \'dsc-0264_2022-07-03_02-58-07.jpg\')', 0)
 2 SYSTEMPATH\Database\BaseConnection.php(695): CodeIgniter\Database\MySQLi\Connection->execute('INSERT INTO `kegiatan` (`deskripsi`, `image`) VALUES (\'Memandu Pak Jokowi keliling kota cirebon\', \'dsc-0264_2022-07-03_02-58-07.jpg\')')
 3 SYSTEMPATH\Database\BaseConnection.php(609): CodeIgniter\Database\BaseConnection->simpleQuery('INSERT INTO `kegiatan` (`deskripsi`, `image`) VALUES (\'Memandu Pak Jokowi keliling kota cirebon\', \'dsc-0264_2022-07-03_02-58-07.jpg\')')
 4 SYSTEMPATH\Database\BaseBuilder.php(1904): CodeIgniter\Database\BaseConnection->query('INSERT INTO `kegiatan` (`deskripsi`, `image`) VALUES (:deskripsi:, :image:)', [...], false)
 5 SYSTEMPATH\Model.php(278): CodeIgniter\Database\BaseBuilder->insert()
 6 SYSTEMPATH\BaseModel.php(738): CodeIgniter\Model->doInsert([...])
 7 SYSTEMPATH\Model.php(666): CodeIgniter\BaseModel->insert([...], true)
 8 APPPATH\Controllers\Pemandu.php(271): CodeIgniter\Model->insert([...])
 9 SYSTEMPATH\CodeIgniter.php(896): App\Controllers\Pemandu->prosesTambahKegiatan()
10 SYSTEMPATH\CodeIgniter.php(466): CodeIgniter\CodeIgniter->runController(Object(App\Controllers\Pemandu))
11 SYSTEMPATH\CodeIgniter.php(349): CodeIgniter\CodeIgniter->handleRequest(null, Object(Config\Cache), false)
12 FCPATH\index.php(55): CodeIgniter\CodeIgniter->run()
13 SYSTEMPATH\Commands\Server\rewrite.php(43): require_once('FCPATH\\index.php')
ERROR - 2022-07-03 02:59:20 --> Cannot add or update a child row: a foreign key constraint fails (`pramunesia-app`.`kegiatan`, CONSTRAINT `fk_kegiatan_pemandu1` FOREIGN KEY (`pemandu_id`) REFERENCES `pemandu` (`id`) ON DELETE CASCADE ON UPDATE CASCADE)
CRITICAL - 2022-07-03 02:59:20 --> Cannot add or update a child row: a foreign key constraint fails (`pramunesia-app`.`kegiatan`, CONSTRAINT `fk_kegiatan_pemandu1` FOREIGN KEY (`pemandu_id`) REFERENCES `pemandu` (`id`) ON DELETE CASCADE ON UPDATE CASCADE)
in SYSTEMPATH\Database\MySQLi\Connection.php on line 292.
 1 SYSTEMPATH\Database\MySQLi\Connection.php(292): mysqli->query('INSERT INTO `kegiatan` (`deskripsi`, `image`) VALUES (\'Memandu Pak Jokowo\', \'dsc-0264_2022-07-03_02-59-20.jpg\')', 0)
 2 SYSTEMPATH\Database\BaseConnection.php(695): CodeIgniter\Database\MySQLi\Connection->execute('INSERT INTO `kegiatan` (`deskripsi`, `image`) VALUES (\'Memandu Pak Jokowo\', \'dsc-0264_2022-07-03_02-59-20.jpg\')')
 3 SYSTEMPATH\Database\BaseConnection.php(609): CodeIgniter\Database\BaseConnection->simpleQuery('INSERT INTO `kegiatan` (`deskripsi`, `image`) VALUES (\'Memandu Pak Jokowo\', \'dsc-0264_2022-07-03_02-59-20.jpg\')')
 4 SYSTEMPATH\Database\BaseBuilder.php(1904): CodeIgniter\Database\BaseConnection->query('INSERT INTO `kegiatan` (`deskripsi`, `image`) VALUES (:deskripsi:, :image:)', [...], false)
 5 SYSTEMPATH\Model.php(278): CodeIgniter\Database\BaseBuilder->insert()
 6 SYSTEMPATH\BaseModel.php(738): CodeIgniter\Model->doInsert([...])
 7 SYSTEMPATH\Model.php(666): CodeIgniter\BaseModel->insert([...], true)
 8 APPPATH\Controllers\Pemandu.php(271): CodeIgniter\Model->insert([...])
 9 SYSTEMPATH\CodeIgniter.php(896): App\Controllers\Pemandu->prosesTambahKegiatan()
10 SYSTEMPATH\CodeIgniter.php(466): CodeIgniter\CodeIgniter->runController(Object(App\Controllers\Pemandu))
11 SYSTEMPATH\CodeIgniter.php(349): CodeIgniter\CodeIgniter->handleRequest(null, Object(Config\Cache), false)
12 FCPATH\index.php(55): CodeIgniter\CodeIgniter->run()
13 SYSTEMPATH\Commands\Server\rewrite.php(43): require_once('FCPATH\\index.php')
CRITICAL - 2022-07-03 05:26:34 --> Trying to access array offset on value of type null
in APPPATH\Views\admin\kota\edit.php on line 29.
 1 APPPATH\Views\admin\kota\edit.php(29): CodeIgniter\Debug\Exceptions->errorHandler(8, 'Trying to access array offset on value of type null', 'APPPATH\\Views\\admin\\kota\\edit.php', 29, [...])
 2 SYSTEMPATH\View\View.php(213): include('APPPATH\\Views\\admin\\kota\\edit.php')
 3 SYSTEMPATH\View\View.php(216): CodeIgniter\View\View->CodeIgniter\View\{closure}()
 4 SYSTEMPATH\Common.php(1135): CodeIgniter\View\View->render('admin/kota/edit', [], true)
 5 APPPATH\Controllers\Kota.php(46): view('admin/kota/edit', [...])
 6 SYSTEMPATH\CodeIgniter.php(896): App\Controllers\Kota->edit('2')
 7 SYSTEMPATH\CodeIgniter.php(466): CodeIgniter\CodeIgniter->runController(Object(App\Controllers\Kota))
 8 SYSTEMPATH\CodeIgniter.php(349): CodeIgniter\CodeIgniter->handleRequest(null, Object(Config\Cache), false)
 9 FCPATH\index.php(55): CodeIgniter\CodeIgniter->run()
10 SYSTEMPATH\Commands\Server\rewrite.php(43): require_once('FCPATH\\index.php')
