ERROR - 2022-08-23 17:30:23 --> Table 'pramunesia-app.manual_transaksi' doesn't exist
CRITICAL - 2022-08-23 17:30:23 --> Table 'pramunesia-app.manual_transaksi' doesn't exist
in SYSTEMPATH\Database\MySQLi\Connection.php on line 292.
 1 SYSTEMPATH\Database\MySQLi\Connection.php(292): mysqli->query('SELECT *
FROM `manual_transaksi`
WHERE `pemandu_id` = \'1\'
ORDER BY `id` DESC', 0)
 2 SYSTEMPATH\Database\BaseConnection.php(695): CodeIgniter\Database\MySQLi\Connection->execute('SELECT *
FROM `manual_transaksi`
WHERE `pemandu_id` = \'1\'
ORDER BY `id` DESC')
 3 SYSTEMPATH\Database\BaseConnection.php(609): CodeIgniter\Database\BaseConnection->simpleQuery('SELECT *
FROM `manual_transaksi`
WHERE `pemandu_id` = \'1\'
ORDER BY `id` DESC')
 4 SYSTEMPATH\Database\BaseBuilder.php(1585): CodeIgniter\Database\BaseConnection->query('SELECT *
FROM `manual_transaksi`
WHERE `pemandu_id` = :pemandu_id:
ORDER BY `id` DESC', [...], false)
 5 SYSTEMPATH\Model.php(222): CodeIgniter\Database\BaseBuilder->get()
 6 SYSTEMPATH\BaseModel.php(584): CodeIgniter\Model->doFindAll(0, 0)
 7 APPPATH\Controllers\Pemandu.php(245): CodeIgniter\BaseModel->findAll()
 8 SYSTEMPATH\CodeIgniter.php(896): App\Controllers\Pemandu->jadwal()
 9 SYSTEMPATH\CodeIgniter.php(466): CodeIgniter\CodeIgniter->runController(Object(App\Controllers\Pemandu))
10 SYSTEMPATH\CodeIgniter.php(349): CodeIgniter\CodeIgniter->handleRequest(null, Object(Config\Cache), false)
11 FCPATH\index.php(55): CodeIgniter\CodeIgniter->run()
12 SYSTEMPATH\Commands\Server\rewrite.php(43): require_once('FCPATH\\index.php')
ERROR - 2022-08-23 17:42:01 --> Column 'id' in order clause is ambiguous
CRITICAL - 2022-08-23 17:42:01 --> Column 'id' in order clause is ambiguous
in SYSTEMPATH\Database\MySQLi\Connection.php on line 292.
 1 SYSTEMPATH\Database\MySQLi\Connection.php(292): mysqli->query('SELECT `pemandu`.`nama` as `pemandu_nama`
FROM `manual_transaksi`
JOIN `pemandu` ON `pemandu`.`id`=`manual_transaksi`.`pemandu_id`
WHERE `pemandu_id` = \'1\'
ORDER BY `id` DESC', 0)
 2 SYSTEMPATH\Database\BaseConnection.php(695): CodeIgniter\Database\MySQLi\Connection->execute('SELECT `pemandu`.`nama` as `pemandu_nama`
FROM `manual_transaksi`
JOIN `pemandu` ON `pemandu`.`id`=`manual_transaksi`.`pemandu_id`
WHERE `pemandu_id` = \'1\'
ORDER BY `id` DESC')
 3 SYSTEMPATH\Database\BaseConnection.php(609): CodeIgniter\Database\BaseConnection->simpleQuery('SELECT `pemandu`.`nama` as `pemandu_nama`
FROM `manual_transaksi`
JOIN `pemandu` ON `pemandu`.`id`=`manual_transaksi`.`pemandu_id`
WHERE `pemandu_id` = \'1\'
ORDER BY `id` DESC')
 4 SYSTEMPATH\Database\BaseBuilder.php(1585): CodeIgniter\Database\BaseConnection->query('SELECT `pemandu`.`nama` as `pemandu_nama`
FROM `manual_transaksi`
JOIN `pemandu` ON `pemandu`.`id`=`manual_transaksi`.`pemandu_id`
WHERE `pemandu_id` = :pemandu_id:
ORDER BY `id` DESC', [...], false)
 5 SYSTEMPATH\Model.php(222): CodeIgniter\Database\BaseBuilder->get()
 6 SYSTEMPATH\BaseModel.php(584): CodeIgniter\Model->doFindAll(0, 0)
 7 APPPATH\Controllers\Pemandu.php(247): CodeIgniter\BaseModel->findAll()
 8 SYSTEMPATH\CodeIgniter.php(896): App\Controllers\Pemandu->jadwal()
 9 SYSTEMPATH\CodeIgniter.php(466): CodeIgniter\CodeIgniter->runController(Object(App\Controllers\Pemandu))
10 SYSTEMPATH\CodeIgniter.php(349): CodeIgniter\CodeIgniter->handleRequest(null, Object(Config\Cache), false)
11 FCPATH\index.php(55): CodeIgniter\CodeIgniter->run()
12 SYSTEMPATH\Commands\Server\rewrite.php(43): require_once('FCPATH\\index.php')
CRITICAL - 2022-08-23 17:42:44 --> Undefined index: status
in APPPATH\Views\pemandu\jadwal\index.php on line 80.
 1 APPPATH\Views\pemandu\jadwal\index.php(80): CodeIgniter\Debug\Exceptions->errorHandler(8, 'Undefined index: status', 'APPPATH\\Views\\pemandu\\jadwal\\index.php', 80, [...])
 2 SYSTEMPATH\View\View.php(213): include('APPPATH\\Views\\pemandu\\jadwal\\index.php')
 3 SYSTEMPATH\View\View.php(216): CodeIgniter\View\View->CodeIgniter\View\{closure}()
 4 SYSTEMPATH\Common.php(1135): CodeIgniter\View\View->render('pemandu/jadwal/index', [], true)
 5 APPPATH\Controllers\Pemandu.php(250): view('pemandu/jadwal/index', [...])
 6 SYSTEMPATH\CodeIgniter.php(896): App\Controllers\Pemandu->jadwal()
 7 SYSTEMPATH\CodeIgniter.php(466): CodeIgniter\CodeIgniter->runController(Object(App\Controllers\Pemandu))
 8 SYSTEMPATH\CodeIgniter.php(349): CodeIgniter\CodeIgniter->handleRequest(null, Object(Config\Cache), false)
 9 FCPATH\index.php(55): CodeIgniter\CodeIgniter->run()
10 SYSTEMPATH\Commands\Server\rewrite.php(43): require_once('FCPATH\\index.php')
CRITICAL - 2022-08-23 17:44:33 --> Undefined index: nama_pemandu
in APPPATH\Views\pemandu\jadwal\index.php on line 84.
 1 APPPATH\Views\pemandu\jadwal\index.php(84): CodeIgniter\Debug\Exceptions->errorHandler(8, 'Undefined index: nama_pemandu', 'APPPATH\\Views\\pemandu\\jadwal\\index.php', 84, [...])
 2 SYSTEMPATH\View\View.php(213): include('APPPATH\\Views\\pemandu\\jadwal\\index.php')
 3 SYSTEMPATH\View\View.php(216): CodeIgniter\View\View->CodeIgniter\View\{closure}()
 4 SYSTEMPATH\Common.php(1135): CodeIgniter\View\View->render('pemandu/jadwal/index', [], true)
 5 APPPATH\Controllers\Pemandu.php(250): view('pemandu/jadwal/index', [...])
 6 SYSTEMPATH\CodeIgniter.php(896): App\Controllers\Pemandu->jadwal()
 7 SYSTEMPATH\CodeIgniter.php(466): CodeIgniter\CodeIgniter->runController(Object(App\Controllers\Pemandu))
 8 SYSTEMPATH\CodeIgniter.php(349): CodeIgniter\CodeIgniter->handleRequest(null, Object(Config\Cache), false)
 9 FCPATH\index.php(55): CodeIgniter\CodeIgniter->run()
10 SYSTEMPATH\Commands\Server\rewrite.php(43): require_once('FCPATH\\index.php')
CRITICAL - 2022-08-23 20:53:59 --> Undefined property: App\Controllers\Transaksi::$ManualTransaksiModeljoin
in APPPATH\Controllers\Transaksi.php on line 35.
 1 APPPATH\Controllers\Transaksi.php(35): CodeIgniter\Debug\Exceptions->errorHandler(8, 'Undefined property: App\\Controllers\\Transaksi::$ManualTransaksiModeljoin', 'APPPATH\\Controllers\\Transaksi.php', 35, [])
 2 SYSTEMPATH\CodeIgniter.php(896): App\Controllers\Transaksi->index()
 3 SYSTEMPATH\CodeIgniter.php(466): CodeIgniter\CodeIgniter->runController(Object(App\Controllers\Transaksi))
 4 SYSTEMPATH\CodeIgniter.php(349): CodeIgniter\CodeIgniter->handleRequest(null, Object(Config\Cache), false)
 5 FCPATH\index.php(55): CodeIgniter\CodeIgniter->run()
 6 SYSTEMPATH\Commands\Server\rewrite.php(43): require_once('FCPATH\\index.php')
CRITICAL - 2022-08-23 20:58:05 --> Undefined index: wisatawan_id
in APPPATH\Views\admin\transaksi\edit_manual.php on line 85.
 1 APPPATH\Views\admin\transaksi\edit_manual.php(85): CodeIgniter\Debug\Exceptions->errorHandler(8, 'Undefined index: wisatawan_id', 'APPPATH\\Views\\admin\\transaksi\\edit_manual.php', 85, [...])
 2 SYSTEMPATH\View\View.php(213): include('APPPATH\\Views\\admin\\transaksi\\edit_manual.php')
 3 SYSTEMPATH\View\View.php(216): CodeIgniter\View\View->CodeIgniter\View\{closure}()
 4 SYSTEMPATH\Common.php(1135): CodeIgniter\View\View->render('admin/transaksi/edit_manual', [], true)
 5 APPPATH\Controllers\Transaksi.php(110): view('admin/transaksi/edit_manual', [...])
 6 SYSTEMPATH\CodeIgniter.php(896): App\Controllers\Transaksi->editManual('1')
 7 SYSTEMPATH\CodeIgniter.php(466): CodeIgniter\CodeIgniter->runController(Object(App\Controllers\Transaksi))
 8 SYSTEMPATH\CodeIgniter.php(349): CodeIgniter\CodeIgniter->handleRequest(null, Object(Config\Cache), false)
 9 FCPATH\index.php(55): CodeIgniter\CodeIgniter->run()
10 SYSTEMPATH\Commands\Server\rewrite.php(43): require_once('FCPATH\\index.php')
